<?xml version="1.0" encoding="UTF-8"?>
<!-- Generated by org.testng.reporters.JUnitReportReporter -->
<testsuite hostname="DESKTOP-U24S3T5" failures="0" tests="1" name="actitime.TestCases.TestCase3" time="28.345" errors="0" timestamp="2021-11-08T10:40:37 IST" skipped="0">
  <testcase classname="actitime.TestCases.TestCase3" name="login" time="28.345"/>
  <system-out/>
</testsuite> <!-- actitime.TestCases.TestCase3 -->
