<?xml version="1.0" encoding="UTF-8"?>
<!-- Generated by org.testng.reporters.JUnitReportReporter -->
<testsuite hostname="DESKTOP-U24S3T5" failures="0" tests="1" name="actitime.TestCases.TestCase6" time="23.868" errors="0" timestamp="2021-11-08T11:40:57 IST" skipped="0">
  <testcase classname="actitime.TestCases.TestCase6" name="login" time="23.868"/>
  <system-out/>
</testsuite> <!-- actitime.TestCases.TestCase6 -->
