<?xml version="1.0" encoding="UTF-8"?>
<!-- Generated by org.testng.reporters.JUnitReportReporter -->
<testsuite hostname="DESKTOP-U24S3T5" failures="0" tests="2" name="actitime.TestCases.TestCase1" time="16.427" errors="0" timestamp="2021-11-06T21:46:04 IST" skipped="0">
  <testcase classname="actitime.TestCases.TestCase1" name="sample" time="9.875"/>
  <system-out/>
  <testcase classname="actitime.TestCases.TestCase1" name="sample2" time="6.552"/>
  <system-out/>
</testsuite> <!-- actitime.TestCases.TestCase1 -->
